Project created on Fri Jun 19 2020, 19:52:26 GMT+0530 (India Standard Time)

 Info | projectHandler | loadProjectDatabase | Fri Jun 19 2020, 19:52:26 GMT+0530 (India Standard Time) | Initializing DBs for workspace  C:\Project\WorkFolder/DemoAppIonicA
 Info | datasourceDB | init | Fri Jun 19 2020, 19:52:26 GMT+0530 (India Standard Time) | Data source DB initialized
 Info | dsActionsDB | init | Fri Jun 19 2020, 19:52:26 GMT+0530 (India Standard Time) | Data source actions DB initialized
 Info | dsAttributesDB | init | Fri Jun 19 2020, 19:52:26 GMT+0530 (India Standard Time) | Data source attributes DB initialized
 Info | dsActionsMoreDB | init | Fri Jun 19 2020, 19:52:26 GMT+0530 (India Standard Time) | Data source actions More DB Initialized
 Info | appDB | init | Fri Jun 19 2020, 19:52:26 GMT+0530 (India Standard Time) | App DB initialized
 Info | settingsDB | init | Fri Jun 19 2020, 19:52:26 GMT+0530 (India Standard Time) | SettingsDB initialized
Success | projectHandler | loadProjectDatabase | Fri Jun 19 2020, 19:52:26 GMT+0530 (India Standard Time) | Initialized all the DBs
 Info | LiveUpdateActions | getAppJson | Fri Jun 19 2020, 19:52:38 GMT+0530 (India Standard Time) | Successfully read live update json file
Success | LandingPage | buildProjectIfNeeded | Fri Jun 19 2020, 19:53:14 GMT+0530 (India Standard Time) | Copied over required node modules
Success | LandingPage | buildProjectIfNeeded | Fri Jun 19 2020, 19:54:37 GMT+0530 (India Standard Time) | Copied over required cordova-plugin-mfp
Success | LandingPage | buildProjectIfNeeded | Fri Jun 19 2020, 19:54:46 GMT+0530 (India Standard Time) | Copied over required plugins
 Info | LandingPage | buildProjectIfNeeded | Fri Jun 19 2020, 19:54:46 GMT+0530 (India Standard Time) | Running npm install
 Error | LandingPage | buildProjectIfNeeded | Fri Jun 19 2020, 19:55:28 GMT+0530 (India Standard Time) | npm
Error
    at http://localhost:1212/dist/renderer.dev.js:161959:28
    at validateData (http://localhost:1212/dist/renderer.dev.js:161916:10)
    at Object.error (http://localhost:1212/dist/renderer.dev.js:161956:5)
    at Socket.<anonymous> (http://localhost:1212/dist/renderer.dev.js:24301:33)
    at Socket.emit (events.js:208:15)
    at addChunk (_stream_readable.js:295:12)
    at readableAddChunk (_stream_readable.js:272:13)
    at Socket.Readable.push (_stream_readable.js:210:10)
    at Pipe.onStreamRead (internal/stream_base_commons.js:166:17) Error | LandingPage | buildProjectIfNeeded | Fri Jun 19 2020, 19:55:28 GMT+0530 (India Standard Time) |  WARN deprecated @angular/http@5.2.11: Package no longer supported. Use @angular/common instead, see https://angular.io/guide/deprecations#angularhttp

Error
    at http://localhost:1212/dist/renderer.dev.js:161959:28
    at validateData (http://localhost:1212/dist/renderer.dev.js:161916:10)
    at Object.error (http://localhost:1212/dist/renderer.dev.js:161956:5)
    at Socket.<anonymous> (http://localhost:1212/dist/renderer.dev.js:24301:33)
    at Socket.emit (events.js:208:15)
    at addChunk (_stream_readable.js:295:12)
    at readableAddChunk (_stream_readable.js:272:13)
    at Socket.Readable.push (_stream_readable.js:210:10)
    at Pipe.onStreamRead (internal/stream_base_commons.js:166:17) Error | LandingPage | buildProjectIfNeeded | Fri Jun 19 2020, 19:55:31 GMT+0530 (India Standard Time) | npm WARN deprecated sw-toolbox@3.6.0: Please migrate to Workbox: https://developers.google.com/web/tools/workbox/guides/migrations/migrate-from-sw

Error
    at http://localhost:1212/dist/renderer.dev.js:161959:28
    at validateData (http://localhost:1212/dist/renderer.dev.js:161916:10)
    at Object.error (http://localhost:1212/dist/renderer.dev.js:161956:5)
    at Socket.<anonymous> (http://localhost:1212/dist/renderer.dev.js:24301:33)
    at Socket.emit (events.js:208:15)
    at addChunk (_stream_readable.js:295:12)
    at readableAddChunk (_stream_readable.js:272:13)
    at Socket.Readable.push (_stream_readable.js:210:10)
    at Pipe.onStreamRead (internal/stream_base_commons.js:166:17) Error | LandingPage | buildProjectIfNeeded | Fri Jun 19 2020, 19:55:31 GMT+0530 (India Standard Time) | npm
Error
    at http://localhost:1212/dist/renderer.dev.js:161959:28
    at validateData (http://localhost:1212/dist/renderer.dev.js:161916:10)
    at Object.error (http://localhost:1212/dist/renderer.dev.js:161956:5)
    at Socket.<anonymous> (http://localhost:1212/dist/renderer.dev.js:24301:33)
    at Socket.emit (events.js:208:15)
    at addChunk (_stream_readable.js:295:12)
    at readableAddChunk (_stream_readable.js:272:13)
    at Socket.Readable.push (_stream_readable.js:210:10)
    at Pipe.onStreamRead (internal/stream_base_commons.js:166:17) Error | LandingPage | buildProjectIfNeeded | Fri Jun 19 2020, 19:55:32 GMT+0530 (India Standard Time) |  WARN deprecated chokidar@2.1.8: Chokidar 2 will break on node v14+. Upgrade to chokidar 3 with 15x less dependencies.
npm WARN deprecated chokidar@1.7.0: Chokidar 2 will break on node v14+. Upgrade to chokidar 3 with 15x less dependencies.

Error
    at http://localhost:1212/dist/renderer.dev.js:161959:28
    at validateData (http://localhost:1212/dist/renderer.dev.js:161916:10)
    at Object.error (http://localhost:1212/dist/renderer.dev.js:161956:5)
    at Socket.<anonymous> (http://localhost:1212/dist/renderer.dev.js:24301:33)
    at Socket.emit (events.js:208:15)
    at addChunk (_stream_readable.js:295:12)
    at readableAddChunk (_stream_readable.js:272:13)
    at Socket.Readable.push (_stream_readable.js:210:10)
    at Pipe.onStreamRead (internal/stream_base_commons.js:166:17) Error | LandingPage | buildProjectIfNeeded | Fri Jun 19 2020, 19:55:34 GMT+0530 (India Standard Time) | npm WARN
Error
    at http://localhost:1212/dist/renderer.dev.js:161959:28
    at validateData (http://localhost:1212/dist/renderer.dev.js:161916:10)
    at Object.error (http://localhost:1212/dist/renderer.dev.js:161956:5)
    at Socket.<anonymous> (http://localhost:1212/dist/renderer.dev.js:24301:33)
    at Socket.emit (events.js:208:15)
    at addChunk (_stream_readable.js:295:12)
    at readableAddChunk (_stream_readable.js:272:13)
    at Socket.Readable.push (_stream_readable.js:210:10)
    at Pipe.onStreamRead (internal/stream_base_commons.js:166:17) Error | LandingPage | buildProjectIfNeeded | Fri Jun 19 2020, 19:55:34 GMT+0530 (India Standard Time) |  deprecated rollup-plugin-node-resolve@3.0.0: This package has been deprecated and is no longer maintained. Please use @rollup/plugin-node-resolve.

Error
    at http://localhost:1212/dist/renderer.dev.js:161959:28
    at validateData (http://localhost:1212/dist/renderer.dev.js:161916:10)
    at Object.error (http://localhost:1212/dist/renderer.dev.js:161956:5)
    at Socket.<anonymous> (http://localhost:1212/dist/renderer.dev.js:24301:33)
    at Socket.emit (events.js:208:15)
    at addChunk (_stream_readable.js:295:12)
    at readableAddChunk (_stream_readable.js:272:13)
    at Socket.Readable.push (_stream_readable.js:210:10)
    at Pipe.onStreamRead (internal/stream_base_commons.js:166:17) Error | LandingPage | buildProjectIfNeeded | Fri Jun 19 2020, 19:55:34 GMT+0530 (India Standard Time) | npm 
Error
    at http://localhost:1212/dist/renderer.dev.js:161959:28
    at validateData (http://localhost:1212/dist/renderer.dev.js:161916:10)
    at Object.error (http://localhost:1212/dist/renderer.dev.js:161956:5)
    at Socket.<anonymous> (http://localhost:1212/dist/renderer.dev.js:24301:33)
    at Socket.emit (events.js:208:15)
    at addChunk (_stream_readable.js:295:12)
    at readableAddChunk (_stream_readable.js:272:13)
    at Socket.Readable.push (_stream_readable.js:210:10)
    at Pipe.onStreamRead (internal/stream_base_commons.js:166:17) Error | LandingPage | buildProjectIfNeeded | Fri Jun 19 2020, 19:55:34 GMT+0530 (India Standard Time) | WARN deprecated rollup-plugin-commonjs@8.2.6: This package has been deprecated and is no longer maintained. Please use @rollup/plugin-commonjs.

Error
    at http://localhost:1212/dist/renderer.dev.js:161959:28
    at validateData (http://localhost:1212/dist/renderer.dev.js:161916:10)
    at Object.error (http://localhost:1212/dist/renderer.dev.js:161956:5)
    at Socket.<anonymous> (http://localhost:1212/dist/renderer.dev.js:24301:33)
    at Socket.emit (events.js:208:15)
    at addChunk (_stream_readable.js:295:12)
    at readableAddChunk (_stream_readable.js:272:13)
    at Socket.Readable.push (_stream_readable.js:210:10)
    at Pipe.onStreamRead (internal/stream_base_commons.js:166:17) Error | LandingPage | buildProjectIfNeeded | Fri Jun 19 2020, 19:55:37 GMT+0530 (India Standard Time) | npm WARN 
Error
    at http://localhost:1212/dist/renderer.dev.js:161959:28
    at validateData (http://localhost:1212/dist/renderer.dev.js:161916:10)
    at Object.error (http://localhost:1212/dist/renderer.dev.js:161956:5)
    at Socket.<anonymous> (http://localhost:1212/dist/renderer.dev.js:24301:33)
    at Socket.emit (events.js:208:15)
    at addChunk (_stream_readable.js:295:12)
    at readableAddChunk (_stream_readable.js:272:13)
    at Socket.Readable.push (_stream_readable.js:210:10)
    at Pipe.onStreamRead (internal/stream_base_commons.js:166:17) Error | LandingPage | buildProjectIfNeeded | Fri Jun 19 2020, 19:55:37 GMT+0530 (India Standard Time) | deprecated request@2.88.2: request has been deprecated, see https://github.com/request/request/issues/3142

Error
    at http://localhost:1212/dist/renderer.dev.js:161959:28
    at validateData (http://localhost:1212/dist/renderer.dev.js:161916:10)
    at Object.error (http://localhost:1212/dist/renderer.dev.js:161956:5)
    at Socket.<anonymous> (http://localhost:1212/dist/renderer.dev.js:24301:33)
    at Socket.emit (events.js:208:15)
    at addChunk (_stream_readable.js:295:12)
    at readableAddChunk (_stream_readable.js:272:13)
    at Socket.Readable.push (_stream_readable.js:210:10)
    at Pipe.onStreamRead (internal/stream_base_commons.js:166:17) Error | LandingPage | buildProjectIfNeeded | Fri Jun 19 2020, 19:55:39 GMT+0530 (India Standard Time) | npm WARN deprecated fsevents@1.2.13: fsevents 1 will break on node v14+ and could be using insecure binaries. Upgrade to fsevents 2.

Error
    at http://localhost:1212/dist/renderer.dev.js:161959:28
    at validateData (http://localhost:1212/dist/renderer.dev.js:161916:10)
    at Object.error (http://localhost:1212/dist/renderer.dev.js:161956:5)
    at Socket.<anonymous> (http://localhost:1212/dist/renderer.dev.js:24301:33)
    at Socket.emit (events.js:208:15)
    at addChunk (_stream_readable.js:295:12)
    at readableAddChunk (_stream_readable.js:272:13)
    at Socket.Readable.push (_stream_readable.js:210:10)
    at Pipe.onStreamRead (internal/stream_base_commons.js:166:17) Error | LandingPage | buildProjectIfNeeded | Fri Jun 19 2020, 19:55:40 GMT+0530 (India Standard Time) | npm WARN deprecated browserslist@2.11.3: Browserslist 2 could fail on reading Browserslist >3.0 config used in other tools.

Error
    at http://localhost:1212/dist/renderer.dev.js:161959:28
    at validateData (http://localhost:1212/dist/renderer.dev.js:161916:10)
    at Object.error (http://localhost:1212/dist/renderer.dev.js:161956:5)
    at Socket.<anonymous> (http://localhost:1212/dist/renderer.dev.js:24301:33)
    at Socket.emit (events.js:208:15)
    at addChunk (_stream_readable.js:295:12)
    at readableAddChunk (_stream_readable.js:272:13)
    at Socket.Readable.push (_stream_readable.js:210:10)
    at Pipe.onStreamRead (internal/stream_base_commons.js:166:17) Error | LandingPage | buildProjectIfNeeded | Fri Jun 19 2020, 19:55:51 GMT+0530 (India Standard Time) | npm
Error
    at http://localhost:1212/dist/renderer.dev.js:161959:28
    at validateData (http://localhost:1212/dist/renderer.dev.js:161916:10)
    at Object.error (http://localhost:1212/dist/renderer.dev.js:161956:5)
    at Socket.<anonymous> (http://localhost:1212/dist/renderer.dev.js:24301:33)
    at Socket.emit (events.js:208:15)
    at addChunk (_stream_readable.js:295:12)
    at readableAddChunk (_stream_readable.js:272:13)
    at Socket.Readable.push (_stream_readable.js:210:10)
    at Pipe.onStreamRead (internal/stream_base_commons.js:166:17) Error | LandingPage | buildProjectIfNeeded | Fri Jun 19 2020, 19:55:52 GMT+0530 (India Standard Time) |  WARN deprecated node-uuid@1.4.7: Use uuid module instead

Error
    at http://localhost:1212/dist/renderer.dev.js:161959:28
    at validateData (http://localhost:1212/dist/renderer.dev.js:161916:10)
    at Object.error (http://localhost:1212/dist/renderer.dev.js:161956:5)
    at Socket.<anonymous> (http://localhost:1212/dist/renderer.dev.js:24301:33)
    at Socket.emit (events.js:208:15)
    at addChunk (_stream_readable.js:295:12)
    at readableAddChunk (_stream_readable.js:272:13)
    at Socket.Readable.push (_stream_readable.js:210:10)
    at Pipe.onStreamRead (internal/stream_base_commons.js:166:17) Error | LandingPage | buildProjectIfNeeded | Fri Jun 19 2020, 19:56:06 GMT+0530 (India Standard Time) | npm WARN deprecated lodash-node@2.4.1: This package is discontinued. Use lodash@^4.0.0.

Error
    at http://localhost:1212/dist/renderer.dev.js:161959:28
    at validateData (http://localhost:1212/dist/renderer.dev.js:161916:10)
    at Object.error (http://localhost:1212/dist/renderer.dev.js:161956:5)
    at Socket.<anonymous> (http://localhost:1212/dist/renderer.dev.js:24301:33)
    at Socket.emit (events.js:208:15)
    at addChunk (_stream_readable.js:295:12)
    at readableAddChunk (_stream_readable.js:272:13)
    at Socket.Readable.push (_stream_readable.js:210:10)
    at Pipe.onStreamRead (internal/stream_base_commons.js:166:17) Error | LandingPage | buildProjectIfNeeded | Fri Jun 19 2020, 19:56:23 GMT+0530 (India Standard Time) | npm WARN deprecated resolve-url@0.2.1: https://github.com/lydell/resolve-url#deprecated

Error
    at http://localhost:1212/dist/renderer.dev.js:161959:28
    at validateData (http://localhost:1212/dist/renderer.dev.js:161916:10)
    at Object.error (http://localhost:1212/dist/renderer.dev.js:161956:5)
    at Socket.<anonymous> (http://localhost:1212/dist/renderer.dev.js:24301:33)
    at Socket.emit (events.js:208:15)
    at addChunk (_stream_readable.js:295:12)
    at readableAddChunk (_stream_readable.js:272:13)
    at Socket.Readable.push (_stream_readable.js:210:10)
    at Pipe.onStreamRead (internal/stream_base_commons.js:166:17) Error | LandingPage | buildProjectIfNeeded | Fri Jun 19 2020, 19:56:24 GMT+0530 (India Standard Time) | npm WARN deprecated urix@0.1.0: Please see https://github.com/lydell/urix#deprecated

Error
    at http://localhost:1212/dist/renderer.dev.js:161959:28
    at validateData (http://localhost:1212/dist/renderer.dev.js:161916:10)
    at Object.error (http://localhost:1212/dist/renderer.dev.js:161956:5)
    at Socket.<anonymous> (http://localhost:1212/dist/renderer.dev.js:24301:33)
    at Socket.emit (events.js:208:15)
    at addChunk (_stream_readable.js:295:12)
    at readableAddChunk (_stream_readable.js:272:13)
    at Socket.Readable.push (_stream_readable.js:210:10)
    at Pipe.onStreamRead (internal/stream_base_commons.js:166:17) Info | LandingPage | buildProjectIfNeeded | Fri Jun 19 2020, 20:05:22 GMT+0530 (India Standard Time) | 
> node-sass@4.14.1 install C:\Project\WorkFolder\DemoAppIonicA\ionic\node_modules\node-sass
> node scripts/install.js


 Info | LandingPage | buildProjectIfNeeded | Fri Jun 19 2020, 20:05:32 GMT+0530 (India Standard Time) | Cached binary found at C:\Users\JAYAKARTHIKJAYABALAN\AppData\Roaming\npm-cache\node-sass\4.14.1\win32-x64-64_binding.node

 Info | LandingPage | buildProjectIfNeeded | Fri Jun 19 2020, 20:05:35 GMT+0530 (India Standard Time) | 
> uglifyjs-webpack-plugin@0.4.6 postinstall C:\Project\WorkFolder\DemoAppIonicA\ionic\node_modules\uglifyjs-webpack-plugin
> node lib/post_install.js


 Info | LandingPage | buildProjectIfNeeded | Fri Jun 19 2020, 20:05:37 GMT+0530 (India Standard Time) | 
> node-sass@4.14.1 postinstall C:\Project\WorkFolder\DemoAppIonicA\ionic\node_modules\node-sass
> node scripts/build.js


 Info | LandingPage | buildProjectIfNeeded | Fri Jun 19 2020, 20:05:39 GMT+0530 (India Standard Time) | Binary found at C:\Project\WorkFolder\DemoAppIonicA\ionic\node_modules\node-sass\vendor\win32-x64-64\binding.node

 Info | LandingPage | buildProjectIfNeeded | Fri Jun 19 2020, 20:05:39 GMT+0530 (India Standard Time) | Testing binary

 Info | LandingPage | buildProjectIfNeeded | Fri Jun 19 2020, 20:05:41 GMT+0530 (India Standard Time) | Binary is fine

 Error | LandingPage | buildProjectIfNeeded | Fri Jun 19 2020, 20:05:46 GMT+0530 (India Standard Time) | npm WARN optional SKIPPING OPTIONAL DEPENDENCY: fsevents@^1.0.0 (node_modules\chokidar\node_modules\fsevents):
npm WARN notsup SKIPPING OPTIONAL DEPENDENCY: Unsupported platform for fsevents@1.2.13: wanted {"os":"darwin","arch":"any"} (current: {"os":"win32","arch":"x64"})
npm WARN optional SKIPPING OPTIONAL DEPENDENCY: fsevents@~2.1.2 (node_modules\watchpack\node_modules\chokidar\node_modules\fsevents):
npm WARN notsup SKIPPING OPTIONAL DEPENDENCY: Unsupported platform for fsevents@2.1.3: wanted {"os":"darwin","arch":"any"} (current: {"os":"win32","arch":"x64"})


Error
    at http://localhost:1212/dist/renderer.dev.js:161959:28
    at validateData (http://localhost:1212/dist/renderer.dev.js:161916:10)
    at Object.error (http://localhost:1212/dist/renderer.dev.js:161956:5)
    at Socket.<anonymous> (http://localhost:1212/dist/renderer.dev.js:24301:33)
    at Socket.emit (events.js:208:15)
    at addChunk (_stream_readable.js:295:12)
    at readableAddChunk (_stream_readable.js:272:13)
    at Socket.Readable.push (_stream_readable.js:210:10)
    at Pipe.onStreamRead (internal/stream_base_commons.js:166:17) Info | LandingPage | buildProjectIfNeeded | Fri Jun 19 2020, 20:05:47 GMT+0530 (India Standard Time) | added 1037 packages from 707 contributors, updated 3 packages and audited 1050 packages in 630.649s
found 65 vulnerabilities (18 low, 17 moderate, 30 high)
  run `npm audit fix` to fix them, or `npm audit` for details

 Info | LandingPage | buildProjectIfNeeded | Fri Jun 19 2020, 20:06:20 GMT+0530 (India Standard Time) | > cordova plugin add C:\Project\WorkFolder\DemoAppIonicA\ionic\mfp-plugin\cordova-plugin-mfp --save

 Info | LandingPage | buildProjectIfNeeded | Fri Jun 19 2020, 20:15:07 GMT+0530 (India Standard Time) | Adding cordova-plugin-mfp to package.json

 Info | LandingPage | buildProjectIfNeeded | Fri Jun 19 2020, 20:15:26 GMT+0530 (India Standard Time) | > cordova platform add android --save

 Info | LandingPage | buildProjectIfNeeded | Fri Jun 19 2020, 20:16:19 GMT+0530 (India Standard Time) | Using cordova-fetch for cordova-android@^8.0.0

 Info | LandingPage | buildProjectIfNeeded | Fri Jun 19 2020, 20:18:07 GMT+0530 (India Standard Time) | Adding android project...

 Info | LandingPage | buildProjectIfNeeded | Fri Jun 19 2020, 20:18:09 GMT+0530 (India Standard Time) | Creating Cordova project for the Android platform:

 Info | LandingPage | buildProjectIfNeeded | Fri Jun 19 2020, 20:18:09 GMT+0530 (India Standard Time) | 	Path: platforms\android
	Package: com.demo.push.d
	Name: DemoAppIonicA
	Activity: MainActivity
	Android target: android-28

 Info | LandingPage | buildProjectIfNeeded | Fri Jun 19 2020, 20:18:14 GMT+0530 (India Standard Time) | Subproject Path: CordovaLib

 Info | LandingPage | buildProjectIfNeeded | Fri Jun 19 2020, 20:18:14 GMT+0530 (India Standard Time) | Subproject Path: app
Android project created with cordova-android@8.1.0

 Info | LandingPage | buildProjectIfNeeded | Fri Jun 19 2020, 20:18:16 GMT+0530 (India Standard Time) | Installing "cordova-plugin-device" for android

 Info | LandingPage | buildProjectIfNeeded | Fri Jun 19 2020, 20:18:18 GMT+0530 (India Standard Time) | Installing "cordova-plugin-dialogs" for android

 Info | LandingPage | buildProjectIfNeeded | Fri Jun 19 2020, 20:18:20 GMT+0530 (India Standard Time) | Installing "cordova-plugin-globalization" for android

 Info | LandingPage | buildProjectIfNeeded | Fri Jun 19 2020, 20:18:23 GMT+0530 (India Standard Time) | Installing "cordova-plugin-ionic-keyboard" for android

 Info | LandingPage | buildProjectIfNeeded | Fri Jun 19 2020, 20:18:24 GMT+0530 (India Standard Time) | Installing "cordova-plugin-ionic-webview" for android

 Info | LandingPage | buildProjectIfNeeded | Fri Jun 19 2020, 20:18:26 GMT+0530 (India Standard Time) | Subproject Path: CordovaLib
Subproject Path: app

 Info | LandingPage | buildProjectIfNeeded | Fri Jun 19 2020, 20:18:26 GMT+0530 (India Standard Time) | Installing "cordova-plugin-mfp" for android

 Info | LandingPage | buildProjectIfNeeded | Fri Jun 19 2020, 20:18:29 GMT+0530 (India Standard Time) | Plugin dependency "cordova-plugin-device@2.0.2" already fetched, using that version.

 Info | LandingPage | buildProjectIfNeeded | Fri Jun 19 2020, 20:18:29 GMT+0530 (India Standard Time) | Dependent plugin "cordova-plugin-device" already installed on android.
Plugin dependency "cordova-plugin-dialogs@2.0.1" already fetched, using that version.
Dependent plugin "cordova-plugin-dialogs" already installed on android.
Plugin dependency "cordova-plugin-globalization@1.11.0" already fetched, using that version.
Dependent plugin "cordova-plugin-globalization" already installed on android.
Plugin dependency "cordova-plugin-okhttp@2.0.0" already fetched, using that version.
Installing "cordova-plugin-okhttp" for android

 Info | LandingPage | buildProjectIfNeeded | Fri Jun 19 2020, 20:18:34 GMT+0530 (India Standard Time) | Subproject Path: CordovaLib

 Info | LandingPage | buildProjectIfNeeded | Fri Jun 19 2020, 20:18:34 GMT+0530 (India Standard Time) | Subproject Path: app

 Info | LandingPage | buildProjectIfNeeded | Fri Jun 19 2020, 20:18:45 GMT+0530 (India Standard Time) | Subproject Path: CordovaLib

 Info | LandingPage | buildProjectIfNeeded | Fri Jun 19 2020, 20:18:45 GMT+0530 (India Standard Time) | Subproject Path: app

 Info | LandingPage | buildProjectIfNeeded | Fri Jun 19 2020, 20:18:48 GMT+0530 (India Standard Time) | MainActivity.java was backed up as MainActivity.original. A MobileFirst Platform Foundation version of MainActivity.java was added. If you have made changes in the original MainActivity.java, you need to merge them with the current MainActivity.java in the C:\Project\WorkFolder\DemoAppIonicA\ionic\platforms\android\app\src\main\java\com\demo\push\d directory.

 Info | LandingPage | buildProjectIfNeeded | Fri Jun 19 2020, 20:18:49 GMT+0530 (India Standard Time) | Installing "cordova-plugin-mfp-liveupdate" for android

 Info | LandingPage | buildProjectIfNeeded | Fri Jun 19 2020, 20:18:50 GMT+0530 (India Standard Time) | Plugin dependency "cordova-plugin-mfp@8.0.2020051104" already fetched, using that version.

 Info | LandingPage | buildProjectIfNeeded | Fri Jun 19 2020, 20:18:51 GMT+0530 (India Standard Time) | Dependent plugin "cordova-plugin-mfp" already installed on android.

 Info | LandingPage | buildProjectIfNeeded | Fri Jun 19 2020, 20:20:27 GMT+0530 (India Standard Time) | Installing "cordova-plugin-add-swift-support" for android

 Info | LandingPage | buildProjectIfNeeded | Fri Jun 19 2020, 20:20:29 GMT+0530 (India Standard Time) | Installing "cordova-plugin-mfp-push" for android

 Info | LandingPage | buildProjectIfNeeded | Fri Jun 19 2020, 20:20:37 GMT+0530 (India Standard Time) | Plugin dependency "cordova-plugin-mfp@8.0.2020051104" already fetched, using that version.

 Info | LandingPage | buildProjectIfNeeded | Fri Jun 19 2020, 20:20:37 GMT+0530 (India Standard Time) | Dependent plugin "cordova-plugin-mfp" already installed on android.

 Info | LandingPage | buildProjectIfNeeded | Fri Jun 19 2020, 20:20:38 GMT+0530 (India Standard Time) | Subproject Path: CordovaLib

 Info | LandingPage | buildProjectIfNeeded | Fri Jun 19 2020, 20:20:39 GMT+0530 (India Standard Time) | Subproject Path: app

 Info | LandingPage | buildProjectIfNeeded | Fri Jun 19 2020, 20:20:39 GMT+0530 (India Standard Time) | Dependent plugin "cordova-plugin-okhttp" already installed on android.

 Info | LandingPage | buildProjectIfNeeded | Fri Jun 19 2020, 20:20:39 GMT+0530 (India Standard Time) | Installing "cordova-plugin-splashscreen" for android

 Info | LandingPage | buildProjectIfNeeded | Fri Jun 19 2020, 20:20:41 GMT+0530 (India Standard Time) | Installing "cordova-plugin-statusbar" for android

 Info | LandingPage | buildProjectIfNeeded | Fri Jun 19 2020, 20:20:42 GMT+0530 (India Standard Time) | Installing "cordova-plugin-whitelist" for android

 Info | LandingPage | buildProjectIfNeeded | Fri Jun 19 2020, 20:20:44 GMT+0530 (India Standard Time) | 
               This plugin is only applicable for versions of cordova-android greater than 4.0. If you have a previous platform version, you do *not* need this plugin since the whitelist will be built in.

 Info | LandingPage | buildProjectIfNeeded | Fri Jun 19 2020, 20:20:44 GMT+0530 (India Standard Time) |           

 Info | LandingPage | buildProjectIfNeeded | Fri Jun 19 2020, 20:20:46 GMT+0530 (India Standard Time) | Plugin 'cordova-plugin-whitelist' found in config.xml... Migrating it to package.json
Plugin 'cordova-plugin-device' found in config.xml... Migrating it to package.json
Plugin 'cordova-plugin-statusbar' found in config.xml... Migrating it to package.json
Plugin 'cordova-plugin-splashscreen' found in config.xml... Migrating it to package.json
Plugin 'cordova-plugin-ionic-webview' found in config.xml... Migrating it to package.json
Plugin 'cordova-plugin-ionic-keyboard' found in config.xml... Migrating it to package.json

 Info | LandingPage | buildProjectIfNeeded | Fri Jun 19 2020, 20:21:05 GMT+0530 (India Standard Time) | Attempting to install In-App feedback analytics plugin
 Info | LandingPage | buildProjectIfNeeded | Fri Jun 19 2020, 20:21:24 GMT+0530 (India Standard Time) | > cordova plugin add cordova-plugin-mfp-analytics --save

 Info | LandingPage | buildProjectIfNeeded | Fri Jun 19 2020, 20:25:03 GMT+0530 (India Standard Time) | Installing "cordova-plugin-mfp-analytics" for android

 Info | LandingPage | buildProjectIfNeeded | Fri Jun 19 2020, 20:25:14 GMT+0530 (India Standard Time) | Plugin dependency "cordova-plugin-mfp@8.0.2020051104" already fetched, using that version.

 Info | LandingPage | buildProjectIfNeeded | Fri Jun 19 2020, 20:25:14 GMT+0530 (India Standard Time) | Dependent plugin "cordova-plugin-mfp" already installed on android.

 Info | LandingPage | buildProjectIfNeeded | Fri Jun 19 2020, 20:25:19 GMT+0530 (India Standard Time) | Subproject Path: CordovaLib

 Info | LandingPage | buildProjectIfNeeded | Fri Jun 19 2020, 20:25:20 GMT+0530 (India Standard Time) | Subproject Path: app

 Info | LandingPage | buildProjectIfNeeded | Fri Jun 19 2020, 20:25:20 GMT+0530 (India Standard Time) | Adding cordova-plugin-mfp-analytics to package.json

Success | LandingPage | buildProjectIfNeeded | Fri Jun 19 2020, 20:25:21 GMT+0530 (India Standard Time) | In-App feedback analytics plugin installed successfully
